  OCR.cpp
C:\Program Files (x86)\Windows Kits\8.1\Include\um\winuser.rh(19): warning C4005: 'RT_MANIFEST': macro redefinition
  C:\Program Files (x86)\Windows Kits\8.1\Include\um\winuser.h(253): note: see previous definition of 'RT_MANIFEST'
C:\Program Files (x86)\Windows Kits\8.1\Include\um\winuser.rh(20): warning C4005: 'CREATEPROCESS_MANIFEST_RESOURCE_ID': macro redefinition
  C:\Program Files (x86)\Windows Kits\8.1\Include\um\winuser.h(254): note: see previous definition of 'CREATEPROCESS_MANIFEST_RESOURCE_ID'
C:\Program Files (x86)\Windows Kits\8.1\Include\um\winuser.rh(21): warning C4005: 'ISOLATIONAWARE_MANIFEST_RESOURCE_ID': macro redefinition
  C:\Program Files (x86)\Windows Kits\8.1\Include\um\winuser.h(255): note: see previous definition of 'ISOLATIONAWARE_MANIFEST_RESOURCE_ID'
C:\Program Files (x86)\Windows Kits\8.1\Include\um\winuser.rh(22): warning C4005: 'ISOLATIONAWARE_NOSTATICIMPORT_MANIFEST_RESOURCE_ID': macro redefinition
  C:\Program Files (x86)\Windows Kits\8.1\Include\um\winuser.h(256): note: see previous definition of 'ISOLATIONAWARE_NOSTATICIMPORT_MANIFEST_RESOURCE_ID'
C:\Program Files (x86)\Windows Kits\8.1\Include\um\winuser.rh(23): warning C4005: 'MINIMUM_RESERVED_MANIFEST_RESOURCE_ID': macro redefinition
  C:\Program Files (x86)\Windows Kits\8.1\Include\um\winuser.h(257): note: see previous definition of 'MINIMUM_RESERVED_MANIFEST_RESOURCE_ID'
C:\Program Files (x86)\Windows Kits\8.1\Include\um\winuser.rh(24): warning C4005: 'MAXIMUM_RESERVED_MANIFEST_RESOURCE_ID': macro redefinition
  C:\Program Files (x86)\Windows Kits\8.1\Include\um\winuser.h(258): note: see previous definition of 'MAXIMUM_RESERVED_MANIFEST_RESOURCE_ID'
C:\Program Files (x86)\Windows Kits\8.1\Include\um\winres.h(35): warning C4005: 'LB_ADDSTRING': macro redefinition
  C:\Program Files (x86)\Windows Kits\8.1\Include\um\winuser.h(11119): note: see previous definition of 'LB_ADDSTRING'
C:\Program Files (x86)\Windows Kits\8.1\Include\um\winres.h(36): warning C4005: 'CB_ADDSTRING': macro redefinition
  C:\Program Files (x86)\Windows Kits\8.1\Include\um\winuser.h(11267): note: see previous definition of 'CB_ADDSTRING'
OCR.cpp(4): warning C4244: '=': conversion from 'float' to 'LONG', possible loss of data
OCR.cpp(5): warning C4244: '=': conversion from 'float' to 'LONG', possible loss of data
OCR.cpp(16): warning C4244: 'initializing': conversion from 'double' to 'int', possible loss of data
OCR.cpp(24): warning C4838: conversion from 'double' to 'float' requires a narrowing conversion
OCR.cpp(24): warning C4244: 'initializing': conversion from 'double' to 'float', possible loss of data
OCR.cpp(25): warning C4018: '<': signed/unsigned mismatch
OCR.cpp(31): warning C4018: '>=': signed/unsigned mismatch
OCR.cpp(48): warning C4244: 'initializing': conversion from 'double' to 'float', possible loss of data
OCR.cpp(52): warning C4838: conversion from 'double' to 'float' requires a narrowing conversion
OCR.cpp(52): warning C4244: 'initializing': conversion from 'double' to 'float', possible loss of data
OCR.cpp(53): warning C4018: '<': signed/unsigned mismatch
OCR.cpp(59): warning C4018: '>=': signed/unsigned mismatch
OCR.cpp(70): warning C4244: 'initializing': conversion from 'double' to 'float', possible loss of data
OCR.cpp(115): warning C4018: '<': signed/unsigned mismatch
OCR.cpp(116): warning C4018: '<': signed/unsigned mismatch
OCR.cpp(121): warning C4018: '<=': signed/unsigned mismatch
OCR.cpp(136): warning C4018: '<': signed/unsigned mismatch
OCR.cpp(137): warning C4018: '<': signed/unsigned mismatch
OCR.cpp(151): warning C4018: '<': signed/unsigned mismatch
OCR.cpp(164): warning C4018: '<': signed/unsigned mismatch
OCR.cpp(197): warning C4018: '<': signed/unsigned mismatch
OCR.cpp(198): warning C4018: '<': signed/unsigned mismatch
OCR.cpp(202): warning C4018: '<=': signed/unsigned mismatch
OCR.cpp(217): warning C4018: '<': signed/unsigned mismatch
OCR.cpp(218): warning C4018: '<': signed/unsigned mismatch
OCR.cpp(232): warning C4018: '<': signed/unsigned mismatch
OCR.cpp(265): warning C4018: '<': signed/unsigned mismatch
OCR.cpp(297): warning C4018: '<': signed/unsigned mismatch
OCR.cpp(300): warning C4018: '<': signed/unsigned mismatch
OCR.cpp(411): warning C4018: '<': signed/unsigned mismatch
OCR.cpp(422): warning C4018: '<': signed/unsigned mismatch
OCR.cpp(435): warning C4018: '<': signed/unsigned mismatch
OCR.cpp(452): warning C4018: '<': signed/unsigned mismatch
OCR.cpp(460): warning C4018: '<': signed/unsigned mismatch
OCR.cpp(473): warning C4018: '<': signed/unsigned mismatch
OCR.cpp(487): warning C4018: '<': signed/unsigned mismatch
OCR.cpp(500): warning C4018: '<': signed/unsigned mismatch
OCR.cpp(513): warning C4018: '<': signed/unsigned mismatch
OCR.cpp(526): warning C4018: '<': signed/unsigned mismatch
OCR.cpp(540): warning C4018: '<': signed/unsigned mismatch
OCR.cpp(553): warning C4018: '<': signed/unsigned mismatch
OCR.cpp(565): warning C4018: '<': signed/unsigned mismatch
OCR.cpp(567): warning C4018: '<': signed/unsigned mismatch
OCR.cpp(602): warning C4838: conversion from 'double' to 'float' requires a narrowing conversion
OCR.cpp(602): warning C4244: 'initializing': conversion from 'double' to 'float', possible loss of data
OCR.cpp(619): warning C4018: '<': signed/unsigned mismatch
OCR.cpp(658): warning C4018: '<': signed/unsigned mismatch
OCR.cpp(663): warning C4244: 'initializing': conversion from 'double' to 'int', possible loss of data
OCR.cpp(664): warning C4244: 'initializing': conversion from 'double' to 'int', possible loss of data
OCR.cpp(665): warning C4244: 'initializing': conversion from 'double' to 'int', possible loss of data
OCR.cpp(666): warning C4244: 'initializing': conversion from 'double' to 'int', possible loss of data
OCR.cpp(668): warning C4244: '-=': conversion from 'double' to 'int', possible loss of data
OCR.cpp(670): warning C4244: '+=': conversion from 'double' to 'int', possible loss of data
OCR.cpp(672): warning C4244: '-=': conversion from 'double' to 'int', possible loss of data
OCR.cpp(674): warning C4244: '+=': conversion from 'double' to 'int', possible loss of data
OCR.cpp(692): warning C4244: 'initializing': conversion from 'double' to 'int', possible loss of data
OCR.cpp(704): warning C4838: conversion from 'double' to 'float' requires a narrowing conversion
OCR.cpp(704): warning C4244: 'initializing': conversion from 'double' to 'float', possible loss of data
OCR.cpp(714): warning C4018: '<': signed/unsigned mismatch
OCR.cpp(795): warning C4018: '<': signed/unsigned mismatch
C:\Program Files (x86)\Microsoft Visual Studio 14.0\VC\include\utility(200): warning C4244: 'initializing': conversion from 'double' to 'int', possible loss of data
  OCR.cpp(564): note: see reference to function template instantiation 'std::pair<int,int>::pair<int,double,void,0>(std::pair<int,double> &&) noexcept' being compiled
  OCR.cpp(564): note: see reference to function template instantiation 'std::pair<int,int>::pair<int,double,void,0>(std::pair<int,double> &&) noexcept' being compiled
  Generating code
c:\users\stephen\documents\visual studio 2015\projects\puzzlesolver\puzzlesolver\main.cpp(257): warning C4715: 'ldDialogProc': not all control paths return a value
  686 of 2415 functions (28.4%) were compiled, the rest were copied from previous compilation.
    98 functions were new in current compilation
    81 functions had inline decision re-evaluated but remain unchanged
  Finished generating code
  Puzzle Solver + GDI API.vcxproj -> C:\Users\stephen\documents\visual studio 2015\Projects\PuzzleSolver\Release\Puzzle Solver.exe
  Puzzle Solver + GDI API.vcxproj -> C:\Users\stephen\documents\visual studio 2015\Projects\PuzzleSolver\Release\Puzzle Solver.pdb (Full PDB)
